#
# There is insufficient memory for the Java Runtime Environment to continue.
# Native memory allocation (mmap) failed to map 52428800 bytes for Failed to commit area from 0x0000000719600000 to 0x000000071c800000 of length 52428800.
# Possible reasons:
#   The system is out of physical RAM or swap space
#   The process is running with CompressedOops enabled, and the Java Heap may be blocking the growth of the native heap
# Possible solutions:
#   Reduce memory load on the system
#   Increase physical memory or swap space
#   Check if swap backing store is full
#   Decrease Java heap size (-Xmx/-Xms)
#   Decrease number of Java threads
#   Decrease Java thread stack sizes (-Xss)
#   Set larger code cache with -XX:ReservedCodeCacheSize=
#   JVM is running with Zero Based Compressed Oops mode in which the Java heap is
#     placed in the first 32GB address space. The Java Heap base address is the
#     maximum limit for the native heap growth. Please use -XX:HeapBaseMinAddress
#     to set the Java Heap base and to place the Java Heap above 32GB virtual address.
# This output file may be truncated or incomplete.
#
#  Out of Memory Error (src/hotspot/os/windows/os_windows.cpp:3627), pid=2356, tid=4916
#
# JRE version: OpenJDK Runtime Environment (11.0.15) (build 11.0.15+0-b2043.56-9505619)
# Java VM: OpenJDK 64-Bit Server VM (11.0.15+0-b2043.56-9505619, mixed mode, tiered, compressed oops, g1 gc, windows-amd64)
# No core dump will be written. Minidumps are not enabled by default on client versions of Windows
#

---------------  S U M M A R Y ------------

Command Line: org.jetbrains.kotlin.cli.jvm.K2JVMCompiler @C:\Users\slava\AndroidStudioProjects\KtorSample\app\build\20230303_14435277269215147057.compiler.options

Host: AMD Ryzen 5 4600H with Radeon Graphics         , 12 cores, 15G,  Windows 11 , 64 bit Build 22621 (10.0.22621.1245)
Time: Fri Mar  3 23:31:23 2023 RTZ 4 (s 11 , 64 bit Build 22621 (10.0.22621.1245) elapsed time: 2.105235 seconds (0d 0h 0m 2s)

---------------  T H R E A D  ---------------

Current thread (0x000002b85bdc9800):  VMThread "VM Thread" [stack: 0x000000e1c0800000,0x000000e1c0900000] [id=4916]

Stack: [0x000000e1c0800000,0x000000e1c0900000]
[error occurred during error reporting (printing stack bounds), id 0xc0000005, EXCEPTION_ACCESS_VIOLATION (0xc0000005) at pc=0x000002b83f8e112d]

Native frames: (J=compiled Java code, j=interpreted, Vv=VM code, C=native code)
V  [jvm.dll+0x64135a]
V  [jvm.dll+0x7d39f9]
V  [jvm.dll+0x7d51b9]
V  [jvm.dll+0x7d5805]
V  [jvm.dll+0x7d57bb]
V  [jvm.dll+0x640655]
V  [jvm.dll+0x640d68]
C  [ntdll.dll+0xa3eaf]
C  [ntdll.dll+0x1eae6]
C  [ntdll.dll+0xa2e9e]
C  0x000002b83f8e112d

VM_Operation (0x000000e1c02f8d90): CollectForMetadataAllocation, mode: safepoint, requested by thread 0x000002b83a5ef000


---------------  P R O C E S S  ---------------

Threads class SMR info:
_java_thread_list=0x000002b85bf91930, length=12, elements={
0x000002b83a5ef000, 0x000002b85b519800, 0x000002b85b51b800, 0x000002b85be19000,
0x000002b85be1a000, 0x000002b85be1b000, 0x000002b85be1f800, 0x000002b85be21000,
0x000002b85be28000, 0x000002b85bf9b800, 0x000002b85bfa1000, 0x000002b85bfa2000
}

Java Threads: ( => current thread )
  0x000002b83a5ef000 JavaThread "main" [_thread_blocked, id=3328, stack(0x000000e1c0200000,0x000000e1c0300000)]
  0x000002b85b519800 JavaThread "Reference Handler" daemon [_thread_blocked, id=18420, stack(0x000000e1c0900000,0x000000e1c0a00000)]
  0x000002b85b51b800 JavaThread "Finalizer" daemon [_thread_blocked, id=3016, stack(0x000000e1c0a00000,0x000000e1c0b00000)]
  0x000002b85be19000 JavaThread "Signal Dispatcher" daemon [_thread_blocked, id=17824, stack(0x000000e1c0b00000,0x000000e1c0c00000)]
  0x000002b85be1a000 JavaThread "Attach Listener" daemon [_thread_blocked, id=5392, stack(0x000000e1c0c00000,0x000000e1c0d00000)]
  0x000002b85be1b000 JavaThread "Service Thread" daemon [_thread_blocked, id=15812, stack(0x000000e1c0d00000,0x000000e1c0e00000)]
  0x000002b85be1f800 JavaThread "C2 CompilerThread0" daemon [_thread_blocked, id=16128, stack(0x000000e1c0e00000,0x000000e1c0f00000)]
  0x000002b85be21000 JavaThread "C1 CompilerThread0" daemon [_thread_blocked, id=5264, stack(0x000000e1c0f00000,0x000000e1c1000000)]
  0x000002b85be28000 JavaThread "Sweeper thread" daemon [_thread_blocked, id=14000, stack(0x000000e1c1000000,0x000000e1c1100000)]
  0x000002b85bf9b800 JavaThread "Common-Cleaner" daemon [_thread_blocked, id=7932, stack(0x000000e1c1200000,0x000000e1c1300000)]
  0x000002b85bfa1000 JavaThread "C2 CompilerThread1" daemon [_thread_blocked, id=7160, stack(0x000000e1c1300000,0x000000e1c1400000)]
  0x000002b85bfa2000 JavaThread "C2 CompilerThread2" daemon [_thread_blocked, id=11056, stack(0x000000e1c1400000,0x000000e1c1500000)]

Other Threads:
=>0x000002b85bdc9800 VMThread "VM Thread" [stack: 0x000000e1c0800000,0x000000e1c0900000] [id=4916]
  0x000002b85bf94000 WatcherThread [stack: 0x000000e1c1100000,0x000000e1c1200000] [id=7124]
  0x000002b83a607800 GCTaskThread "GC Thread#0" [stack: 0x000000e1c0300000,0x000000e1c0400000] [id=18352]
  0x000002b85c6e2800 GCTaskThread "GC Thread#1" [stack: 0x000000e1c1500000,0x000000e1c1600000] [id=1708]
  0x000002b85c766800 GCTaskThread "GC Thread#2" [stack: 0x000000e1c1600000,0x000000e1c1700000] [id=2824]
  0x000002b85c654800 GCTaskThread "GC Thread#3" [stack: 0x000000e1c1700000,0x000000e1c1800000] [id=4956]
  0x000002b85c655000 GCTaskThread "GC Thread#4" [stack: 0x000000e1c1800000,0x000000e1c1900000] [id=1188]
  0x000002b83a67c800 ConcurrentGCThread "G1 Main Marker" [stack: 0x000000e1c0400000,0x000000e1c0500000] [id=1312]
  0x000002b83a67e800 ConcurrentGCThread "G1 Conc#0" [stack: 0x000000e1c0500000,0x000000e1c0600000] [id=15172]
  0x000002b85c971800 ConcurrentGCThread "G1 Conc#1" [stack: 0x000000e1c1900000,0x000000e1c1a00000] [id=10752]
  0x000002b85c6fe800 ConcurrentGCThread "G1 Conc#2" [stack: 0x000000e1c1a00000,0x000000e1c1b00000] [id=18176]
  0x000002b85b3fc800 ConcurrentGCThread "G1 Refine#0" [stack: 0x000000e1c0600000,0x000000e1c0700000] [id=16436]
  0x000002b85f5b6800 ConcurrentGCThread "G1 Refine#1" [stack: 0x000000e1c1b00000,0x000000e1c1c00000] [id=1916]
  0x000002b85d337800 ConcurrentGCThread "G1 Refine#2" [stack: 0x000000e1c1c00000,0x000000e1c1d00000] [id=7172]
  0x000002b85c9e5800 ConcurrentGCThread "G1 Refine#3" [stack: 0x000000e1c1d00000,0x000000e1c1e00000] [id=10124]
  0x000002b85d4e9000 ConcurrentGCThread "G1 Refine#4" [stack: 0x000000e1c1e00000,0x000000e1c1f00000] [id=7188]
  0x000002b85b3ff800 ConcurrentGCThread "G1 Young RemSet Sampling" [stack: 0x000000e1c0700000,0x000000e1c0800000] [id=7560]

Threads with active compile tasks:

VM state:at safepoint (normal execution)

VM Mutex/Monitor currently owned by a thread:  ([mutex/lock_event])
[0x000002b83a5eb940] Threads_lock - owner thread: 0x000002b85bdc9800
[0x000002b83a5ec000] Heap_lock - owner thread: 0x000002b83a5ef000

Heap address: 0x000000070a000000, size: 3936 MB, Compressed Oops mode: Zero based, Oop shift amount: 3
Narrow klass base: 0x0000000800000000, Narrow klass shift: 0
Compressed class space size: 1073741824 Address: 0x0000000800000000

Heap:
 garbage-first heap   total 303104K, used 26166K [0x000000070a000000, 0x0000000800000000)
  region size 1024K, 2 young (2048K), 2 survivors (2048K)
 Metaspace       used 35046K, capacity 35520K, committed 35628K, reserved 1081344K
  class space    used 4291K, capacity 4475K, committed 4480K, reserved 1048576K
Heap Regions: E=young(eden), S=young(survivor), O=old, HS=humongous(starts), HC=humongous(continues), CS=collection set, F=free, A=archive, TAMS=top-at-mark-start (previous, next)
|   0|0x000000070a000000, 0x000000070a100000, 0x000000070a100000|100%|HS|  |TAMS 0x000000070a100000, 0x000000070a100000| Complete 
|   1|0x000000070a100000, 0x000000070a200000, 0x000000070a200000|100%|HC|  |TAMS 0x000000070a200000, 0x000000070a200000| Complete 
|   2|0x000000070a200000, 0x000000070a300000, 0x000000070a300000|100%|HC|  |TAMS 0x000000070a300000, 0x000000070a300000| Complete 
|   3|0x000000070a300000, 0x000000070a400000, 0x000000070a400000|100%|HC|  |TAMS 0x000000070a400000, 0x000000070a400000| Complete 
|   4|0x000000070a400000, 0x000000070a500000, 0x000000070a500000|100%|HS|  |TAMS 0x000000070a400000, 0x000000070a500000| Complete 
|   5|0x000000070a500000, 0x000000070a600000, 0x000000070a600000|100%|HC|  |TAMS 0x000000070a500000, 0x000000070a600000| Complete 
|   6|0x000000070a600000, 0x000000070a700000, 0x000000070a700000|100%|HC|  |TAMS 0x000000070a600000, 0x000000070a700000| Complete 
|   7|0x000000070a700000, 0x000000070a800000, 0x000000070a800000|100%|HC|  |TAMS 0x000000070a700000, 0x000000070a800000| Complete 
|   8|0x000000070a800000, 0x000000070a900000, 0x000000070a900000|100%|HS|  |TAMS 0x000000070a800000, 0x000000070a900000| Complete 
|   9|0x000000070a900000, 0x000000070aa00000, 0x000000070aa00000|100%|HC|  |TAMS 0x000000070a900000, 0x000000070aa00000| Complete 
|  10|0x000000070aa00000, 0x000000070ab00000, 0x000000070ab00000|100%| O|  |TAMS 0x000000070aa00000, 0x000000070ab00000| Untracked 
|  11|0x000000070ab00000, 0x000000070ac00000, 0x000000070ac00000|100%| O|  |TAMS 0x000000070ab00000, 0x000000070ac00000| Untracked 
|  12|0x000000070ac00000, 0x000000070ad00000, 0x000000070ad00000|100%| O|  |TAMS 0x000000070ac00000, 0x000000070ad00000| Untracked 
|  13|0x000000070ad00000, 0x000000070ae00000, 0x000000070ae00000|100%| O|  |TAMS 0x000000070ad00000, 0x000000070ae00000| Untracked 
|  14|0x000000070ae00000, 0x000000070af00000, 0x000000070af00000|100%| O|  |TAMS 0x000000070ae00000, 0x000000070af00000| Untracked 
|  15|0x000000070af00000, 0x000000070b000000, 0x000000070b000000|100%| O|  |TAMS 0x000000070af00000, 0x000000070b000000| Untracked 
|  16|0x000000070b000000, 0x000000070b100000, 0x000000070b100000|100%| O|  |TAMS 0x000000070b000000, 0x000000070b100000| Untracked 
|  17|0x000000070b100000, 0x000000070b200000, 0x000000070b200000|100%| O|  |TAMS 0x000000070b100000, 0x000000070b200000| Untracked 
|  18|0x000000070b200000, 0x000000070b300000, 0x000000070b300000|100%| O|  |TAMS 0x000000070b200000, 0x000000070b300000| Untracked 
|  19|0x000000070b300000, 0x000000070b400000, 0x000000070b400000|100%| O|  |TAMS 0x000000070b300000, 0x000000070b400000| Untracked 
|  20|0x000000070b400000, 0x000000070b500000, 0x000000070b500000|100%| O|  |TAMS 0x000000070b400000, 0x000000070b500000| Untracked 
|  21|0x000000070b500000, 0x000000070b600000, 0x000000070b600000|100%| O|  |TAMS 0x000000070b500000, 0x000000070b600000| Untracked 
|  22|0x000000070b600000, 0x000000070b700000, 0x000000070b700000|100%| O|  |TAMS 0x000000070b600000, 0x000000070b700000| Untracked 
|  23|0x000000070b700000, 0x000000070b800000, 0x000000070b800000|100%| O|  |TAMS 0x000000070b700000, 0x000000070b800000| Untracked 
|  24|0x000000070b800000, 0x000000070b846e00, 0x000000070b900000| 27%| O|  |TAMS 0x000000070b800000, 0x000000070b846e00| Untracked 
|  25|0x000000070b900000, 0x000000070b900000, 0x000000070ba00000|  0%| F|  |TAMS 0x000000070b900000, 0x000000070b900000| Untracked 
|  26|0x000000070ba00000, 0x000000070ba00000, 0x000000070bb00000|  0%| F|  |TAMS 0x000000070ba00000, 0x000000070ba00000| Untracked 
|  27|0x000000070bb00000, 0x000000070bb00000, 0x000000070bc00000|  0%| F|  |TAMS 0x000000070bb00000, 0x000000070bb00000| Untracked 
|  28|0x000000070bc00000, 0x000000070bc00000, 0x000000070bd00000|  0%| F|  |TAMS 0x000000070bc00000, 0x000000070bc00000| Untracked 
|  29|0x000000070bd00000, 0x000000070bd00000, 0x000000070be00000|  0%| F|  |TAMS 0x000000070bd00000, 0x000000070bd00000| Untracked 
|  30|0x000000070be00000, 0x000000070be00000, 0x000000070bf00000|  0%| F|  |TAMS 0x000000070be00000, 0x000000070be00000| Untracked 
|  31|0x000000070bf00000, 0x000000070bf00000, 0x000000070c000000|  0%| F|  |TAMS 0x000000070bf00000, 0x000000070bf00000| Untracked 
|  32|0x000000070c000000, 0x000000070c000000, 0x000000070c100000|  0%| F|  |TAMS 0x000000070c000000, 0x000000070c000000| Untracked 
|  33|0x000000070c100000, 0x000000070c100000, 0x000000070c200000|  0%| F|  |TAMS 0x000000070c100000, 0x000000070c100000| Untracked 
|  34|0x000000070c200000, 0x000000070c200000, 0x000000070c300000|  0%| F|  |TAMS 0x000000070c200000, 0x000000070c200000| Untracked 
|  35|0x000000070c300000, 0x000000070c300000, 0x000000070c400000|  0%| F|  |TAMS 0x000000070c300000, 0x000000070c300000| Untracked 
|  36|0x000000070c400000, 0x000000070c400000, 0x000000070c500000|  0%| F|  |TAMS 0x000000070c400000, 0x000000070c400000| Untracked 
|  37|0x000000070c500000, 0x000000070c500000, 0x000000070c600000|  0%| F|  |TAMS 0x000000070c500000, 0x000000070c500000| Untracked 
|  38|0x000000070c600000, 0x000000070c600000, 0x000000070c700000|  0%| F|  |TAMS 0x000000070c600000, 0x000000070c600000| Untracked 
|  39|0x000000070c700000, 0x000000070c700000, 0x000000070c800000|  0%| F|  |TAMS 0x000000070c700000, 0x000000070c700000| Untracked 
|  40|0x000000070c800000, 0x000000070c800000, 0x000000070c900000|  0%| F|  |TAMS 0x000000070c800000, 0x000000070c800000| Untracked 
|  41|0x000000070c900000, 0x000000070c900000, 0x000000070ca00000|  0%| F|  |TAMS 0x000000070c900000, 0x000000070c900000| Untracked 
|  42|0x000000070ca00000, 0x000000070ca00000, 0x000000070cb00000|  0%| F|  |TAMS 0x000000070ca00000, 0x000000070ca00000| Untracked 
|  43|0x000000070cb00000, 0x000000070cb00000, 0x000000070cc00000|  0%| F|  |TAMS 0x000000070cb00000, 0x000000070cb00000| Untracked 
|  44|0x000000070cc00000, 0x000000070cc00000, 0x000000070cd00000|  0%| F|  |TAMS 0x000000070cc00000, 0x000000070cc00000| Untracked 
|  45|0x000000070cd00000, 0x000000070cd00000, 0x000000070ce00000|  0%| F|  |TAMS 0x000000070cd00000, 0x000000070cd00000| Untracked 
|  46|0x000000070ce00000, 0x000000070ce00000, 0x000000070cf00000|  0%| F|  |TAMS 0x000000070ce00000, 0x000000070ce00000| Untracked 
|  47|0x000000070cf00000, 0x000000070cf00000, 0x000000070d000000|  0%| F|  |TAMS 0x000000070cf00000, 0x000000070cf00000| Untracked 
|  48|0x000000070d000000, 0x000000070d000000, 0x000000070d100000|  0%| F|  |TAMS 0x000000070d000000, 0x000000070d000000| Untracked 
|  49|0x000000070d100000, 0x000000070d100000, 0x000000070d200000|  0%| F|  |TAMS 0x000000070d100000, 0x000000070d100000| Untracked 
|  50|0x000000070d200000, 0x000000070d200000, 0x000000070d300000|  0%| F|  |TAMS 0x000000070d200000, 0x000000070d200000| Untracked 
|  51|0x000000070d300000, 0x000000070d300000, 0x000000070d400000|  0%| F|  |TAMS 0x000000070d300000, 0x000000070d300000| Untracked 
|  52|0x000000070d400000, 0x000000070d400000, 0x000000070d500000|  0%| F|  |TAMS 0x000000070d400000, 0x000000070d400000| Untracked 
|  53|0x000000070d500000, 0x000000070d500000, 0x000000070d600000|  0%| F|  |TAMS 0x000000070d500000, 0x000000070d500000| Untracked 
|  54|0x000000070d600000, 0x000000070d600000, 0x000000070d700000|  0%| F|  |TAMS 0x000000070d600000, 0x000000070d600000| Untracked 
|  55|0x000000070d700000, 0x000000070d700000, 0x000000070d800000|  0%| F|  |TAMS 0x000000070d700000, 0x000000070d700000| Untracked 
|  56|0x000000070d800000, 0x000000070d800000, 0x000000070d900000|  0%| F|  |TAMS 0x000000070d800000, 0x000000070d800000| Untracked 
|  57|0x000000070d900000, 0x000000070d900000, 0x000000070da00000|  0%| F|  |TAMS 0x000000070d900000, 0x000000070d900000| Untracked 
|  58|0x000000070da00000, 0x000000070da00000, 0x000000070db00000|  0%| F|  |TAMS 0x000000070da00000, 0x000000070da00000| Untracked 
|  59|0x000000070db00000, 0x000000070db00000, 0x000000070dc00000|  0%| F|  |TAMS 0x000000070db00000, 0x000000070db00000| Untracked 
|  60|0x000000070dc00000, 0x000000070dc00000, 0x000000070dd00000|  0%| F|  |TAMS 0x000000070dc00000, 0x000000070dc00000| Untracked 
|  61|0x000000070dd00000, 0x000000070dd00000, 0x000000070de00000|  0%| F|  |TAMS 0x000000070dd00000, 0x000000070dd00000| Untracked 
|  62|0x000000070de00000, 0x000000070de00000, 0x000000070df00000|  0%| F|  |TAMS 0x000000070de00000, 0x000000070de00000| Untracked 
|  63|0x000000070df00000, 0x000000070df00000, 0x000000070e000000|  0%| F|  |TAMS 0x000000070df00000, 0x000000070df00000| Untracked 
|  64|0x000000070e000000, 0x000000070e000000, 0x000000070e100000|  0%| F|  |TAMS 0x000000070e000000, 0x000000070e000000| Untracked 
|  65|0x000000070e100000, 0x000000070e100000, 0x000000070e200000|  0%| F|  |TAMS 0x000000070e100000, 0x000000070e100000| Untracked 
|  66|0x000000070e200000, 0x000000070e200000, 0x000000070e300000|  0%| F|  |TAMS 0x000000070e200000, 0x000000070e200000| Untracked 
|  67|0x000000070e300000, 0x000000070e300000, 0x000000070e400000|  0%| F|  |TAMS 0x000000070e300000, 0x000000070e300000| Untracked 
|  68|0x000000070e400000, 0x000000070e400000, 0x000000070e500000|  0%| F|  |TAMS 0x000000070e400000, 0x000000070e400000| Untracked 
|  69|0x000000070e500000, 0x000000070e500000, 0x000000070e600000|  0%| F|  |TAMS 0x000000070e500000, 0x000000070e500000| Untracked 
|  70|0x000000070e600000, 0x000000070e600000, 0x000000070e700000|  0%| F|  |TAMS 0x000000070e600000, 0x000000070e600000| Untracked 
|  71|0x000000070e700000, 0x000000070e700000, 0x000000070e800000|  0%| F|  |TAMS 0x000000070e700000, 0x000000070e700000| Untracked 
|  72|0x000000070e800000, 0x000000070e800000, 0x000000070e900000|  0%| F|  |TAMS 0x000000070e800000, 0x000000070e800000| Untracked 
|  73|0x000000070e900000, 0x000000070e900000, 0x000000070ea00000|  0%| F|  |TAMS 0x000000070e900000, 0x000000070e900000| Untracked 
|  74|0x000000070ea00000, 0x000000070ea00000, 0x000000070eb00000|  0%| F|  |TAMS 0x000000070ea00000, 0x000000070ea00000| Untracked 
|  75|0x000000070eb00000, 0x000000070eb00000, 0x000000070ec00000|  0%| F|  |TAMS 0x000000070eb00000, 0x000000070eb00000| Untracked 
|  76|0x000000070ec00000, 0x000000070ec00000, 0x000000070ed00000|  0%| F|  |TAMS 0x000000070ec00000, 0x000000070ec00000| Untracked 
|  77|0x000000070ed00000, 0x000000070ed00000, 0x000000070ee00000|  0%| F|  |TAMS 0x000000070ed00000, 0x000000070ed00000| Untracked 
|  78|0x000000070ee00000, 0x000000070ee00000, 0x000000070ef00000|  0%| F|  |TAMS 0x000000070ee00000, 0x000000070ee00000| Untracked 
|  79|0x000000070ef00000, 0x000000070ef00000, 0x000000070f000000|  0%| F|  |TAMS 0x000000070ef00000, 0x000000070ef00000| Untracked 
|  80|0x000000070f000000, 0x000000070f000000, 0x000000070f100000|  0%| F|  |TAMS 0x000000070f000000, 0x000000070f000000| Untracked 
|  81|0x000000070f100000, 0x000000070f100000, 0x000000070f200000|  0%| F|  |TAMS 0x000000070f100000, 0x000000070f100000| Untracked 
|  82|0x000000070f200000, 0x000000070f200000, 0x000000070f300000|  0%| F|  |TAMS 0x000000070f200000, 0x000000070f200000| Untracked 
|  83|0x000000070f300000, 0x000000070f300000, 0x000000070f400000|  0%| F|  |TAMS 0x000000070f300000, 0x000000070f300000| Untracked 
|  84|0x000000070f400000, 0x000000070f400000, 0x000000070f500000|  0%| F|  |TAMS 0x000000070f400000, 0x000000070f400000| Untracked 
|  85|0x000000070f500000, 0x000000070f500000, 0x000000070f600000|  0%| F|  |TAMS 0x000000070f500000, 0x000000070f500000| Untracked 
|  86|0x000000070f600000, 0x000000070f600000, 0x000000070f700000|  0%| F|  |TAMS 0x000000070f600000, 0x000000070f600000| Untracked 
|  87|0x000000070f700000, 0x000000070f700000, 0x000000070f800000|  0%| F|  |TAMS 0x000000070f700000, 0x000000070f700000| Untracked 
|  88|0x000000070f800000, 0x000000070f800000, 0x000000070f900000|  0%| F|  |TAMS 0x000000070f800000, 0x000000070f800000| Untracked 
|  89|0x000000070f900000, 0x000000070f900000, 0x000000070fa00000|  0%| F|  |TAMS 0x000000070f900000, 0x000000070f900000| Untracked 
|  90|0x000000070fa00000, 0x000000070fa00000, 0x000000070fb00000|  0%| F|  |TAMS 0x000000070fa00000, 0x000000070fa00000| Untracked 
|  91|0x000000070fb00000, 0x000000070fb00000, 0x000000070fc00000|  0%| F|  |TAMS 0x000000070fb00000, 0x000000070fb00000| Untracked 
|  92|0x000000070fc00000, 0x000000070fc00000, 0x000000070fd00000|  0%| F|  |TAMS 0x000000070fc00000, 0x000000070fc00000| Untracked 
|  93|0x000000070fd00000, 0x000000070fd00000, 0x000000070fe00000|  0%| F|  |TAMS 0x000000070fd00000, 0x000000070fd00000| Untracked 
|  94|0x000000070fe00000, 0x000000070fe00000, 0x000000070ff00000|  0%| F|  |TAMS 0x000000070fe00000, 0x000000070fe00000| Untracked 
|  95|0x000000070ff00000, 0x000000070ff00000, 0x0000000710000000|  0%| F|  |TAMS 0x000000070ff00000, 0x000000070ff00000| Untracked 
|  96|0x0000000710000000, 0x0000000710000000, 0x0000000710100000|  0%| F|  |TAMS 0x0000000710000000, 0x0000000710000000| Untracked 
|  97|0x0000000710100000, 0x0000000710100000, 0x0000000710200000|  0%| F|  |TAMS 0x0000000710100000, 0x0000000710100000| Untracked 
|  98|0x0000000710200000, 0x0000000710200000, 0x0000000710300000|  0%| F|  |TAMS 0x0000000710200000, 0x0000000710200000| Untracked 
|  99|0x0000000710300000, 0x0000000710300000, 0x0000000710400000|  0%| F|  |TAMS 0x0000000710300000, 0x0000000710300000| Untracked 
| 100|0x0000000710400000, 0x0000000710400000, 0x0000000710500000|  0%| F|  |TAMS 0x0000000710400000, 0x0000000710400000| Untracked 
| 101|0x0000000710500000, 0x0000000710500000, 0x0000000710600000|  0%| F|  |TAMS 0x0000000710500000, 0x0000000710500000| Untracked 
| 102|0x0000000710600000, 0x0000000710600000, 0x0000000710700000|  0%| F|  |TAMS 0x0000000710600000, 0x0000000710600000| Untracked 
| 103|0x0000000710700000, 0x0000000710700000, 0x0000000710800000|  0%| F|  |TAMS 0x0000000710700000, 0x0000000710700000| Untracked 
| 104|0x0000000710800000, 0x0000000710800000, 0x0000000710900000|  0%| F|  |TAMS 0x0000000710800000, 0x0000000710800000| Untracked 
| 105|0x0000000710900000, 0x0000000710900000, 0x0000000710a00000|  0%| F|  |TAMS 0x0000000710900000, 0x0000000710900000| Untracked 
| 106|0x0000000710a00000, 0x0000000710a00000, 0x0000000710b00000|  0%| F|  |TAMS 0x0000000710a00000, 0x0000000710a00000| Untracked 
| 107|0x0000000710b00000, 0x0000000710b00000, 0x0000000710c00000|  0%| F|  |TAMS 0x0000000710b00000, 0x0000000710b00000| Untracked 
| 108|0x0000000710c00000, 0x0000000710c00000, 0x0000000710d00000|  0%| F|  |TAMS 0x0000000710c00000, 0x0000000710c00000| Untracked 
| 109|0x0000000710d00000, 0x0000000710d00000, 0x0000000710e00000|  0%| F|  |TAMS 0x0000000710d00000, 0x0000000710d00000| Untracked 
| 110|0x0000000710e00000, 0x0000000710e00000, 0x0000000710f00000|  0%| F|  |TAMS 0x0000000710e00000, 0x0000000710e00000| Untracked 
| 111|0x0000000710f00000, 0x0000000710f00000, 0x0000000711000000|  0%| F|  |TAMS 0x0000000710f00000, 0x0000000710f00000| Untracked 
| 112|0x0000000711000000, 0x0000000711000000, 0x0000000711100000|  0%| F|  |TAMS 0x0000000711000000, 0x0000000711000000| Untracked 
| 113|0x0000000711100000, 0x0000000711100000, 0x0000000711200000|  0%| F|  |TAMS 0x0000000711100000, 0x0000000711100000| Untracked 
| 114|0x0000000711200000, 0x0000000711200000, 0x0000000711300000|  0%| F|  |TAMS 0x0000000711200000, 0x0000000711200000| Untracked 
| 115|0x0000000711300000, 0x0000000711300000, 0x0000000711400000|  0%| F|  |TAMS 0x0000000711300000, 0x0000000711300000| Untracked 
| 116|0x0000000711400000, 0x0000000711400000, 0x0000000711500000|  0%| F|  |TAMS 0x0000000711400000, 0x0000000711400000| Untracked 
| 117|0x0000000711500000, 0x0000000711500000, 0x0000000711600000|  0%| F|  |TAMS 0x0000000711500000, 0x0000000711500000| Untracked 
| 118|0x0000000711600000, 0x0000000711600000, 0x0000000711700000|  0%| F|  |TAMS 0x0000000711600000, 0x0000000711600000| Untracked 
| 119|0x0000000711700000, 0x0000000711700000, 0x0000000711800000|  0%| F|  |TAMS 0x0000000711700000, 0x0000000711700000| Untracked 
| 120|0x0000000711800000, 0x0000000711800000, 0x0000000711900000|  0%| F|  |TAMS 0x0000000711800000, 0x0000000711800000| Untracked 
| 121|0x0000000711900000, 0x0000000711900000, 0x0000000711a00000|  0%| F|  |TAMS 0x0000000711900000, 0x0000000711900000| Untracked 
| 122|0x0000000711a00000, 0x0000000711a00000, 0x0000000711b00000|  0%| F|  |TAMS 0x0000000711a00000, 0x0000000711a00000| Untracked 
| 123|0x0000000711b00000, 0x0000000711b00000, 0x0000000711c00000|  0%| F|  |TAMS 0x0000000711b00000, 0x0000000711b00000| Untracked 
| 124|0x0000000711c00000, 0x0000000711c00000, 0x0000000711d00000|  0%| F|  |TAMS 0x0000000711c00000, 0x0000000711c00000| Untracked 
| 125|0x0000000711d00000, 0x0000000711d00000, 0x0000000711e00000|  0%| F|  |TAMS 0x0000000711d00000, 0x0000000711d00000| Untracked 
| 126|0x0000000711e00000, 0x0000000711e00000, 0x0000000711f00000|  0%| F|  |TAMS 0x0000000711e00000, 0x0000000711e00000| Untracked 
| 127|0x0000000711f00000, 0x0000000711f00000, 0x0000000712000000|  0%| F|  |TAMS 0x0000000711f00000, 0x0000000711f00000| Untracked 
| 128|0x0000000712000000, 0x0000000712000000, 0x0000000712100000|  0%| F|  |TAMS 0x0000000712000000, 0x0000000712000000| Untracked 
| 129|0x0000000712100000, 0x0000000712100000, 0x0000000712200000|  0%| F|  |TAMS 0x0000000712100000, 0x0000000712100000| Untracked 
| 130|0x0000000712200000, 0x0000000712200000, 0x0000000712300000|  0%| F|  |TAMS 0x0000000712200000, 0x0000000712200000| Untracked 
| 131|0x0000000712300000, 0x0000000712300000, 0x0000000712400000|  0%| F|  |TAMS 0x0000000712300000, 0x0000000712300000| Untracked 
| 132|0x0000000712400000, 0x0000000712400000, 0x0000000712500000|  0%| F|  |TAMS 0x0000000712400000, 0x0000000712400000| Untracked 
| 133|0x0000000712500000, 0x0000000712500000, 0x0000000712600000|  0%| F|  |TAMS 0x0000000712500000, 0x0000000712500000| Untracked 
| 134|0x0000000712600000, 0x0000000712600000, 0x0000000712700000|  0%| F|  |TAMS 0x0000000712600000, 0x0000000712600000| Untracked 
| 135|0x0000000712700000, 0x0000000712700000, 0x0000000712800000|  0%| F|  |TAMS 0x0000000712700000, 0x0000000712700000| Untracked 
| 136|0x0000000712800000, 0x0000000712800000, 0x0000000712900000|  0%| F|  |TAMS 0x0000000712800000, 0x0000000712800000| Untracked 
| 137|0x0000000712900000, 0x0000000712900000, 0x0000000712a00000|  0%| F|  |TAMS 0x0000000712900000, 0x0000000712900000| Untracked 
| 138|0x0000000712a00000, 0x0000000712a00000, 0x0000000712b00000|  0%| F|  |TAMS 0x0000000712a00000, 0x0000000712a00000| Untracked 
| 139|0x0000000712b00000, 0x0000000712b00000, 0x0000000712c00000|  0%| F|  |TAMS 0x0000000712b00000, 0x0000000712b00000| Untracked 
| 140|0x0000000712c00000, 0x0000000712c00000, 0x0000000712d00000|  0%| F|  |TAMS 0x0000000712c00000, 0x0000000712c00000| Untracked 
| 141|0x0000000712d00000, 0x0000000712d00000, 0x0000000712e00000|  0%| F|  |TAMS 0x0000000712d00000, 0x0000000712d00000| Untracked 
| 142|0x0000000712e00000, 0x0000000712e00000, 0x0000000712f00000|  0%| F|  |TAMS 0x0000000712e00000, 0x0000000712e00000| Untracked 
| 143|0x0000000712f00000, 0x0000000712f00000, 0x0000000713000000|  0%| F|  |TAMS 0x0000000712f00000, 0x0000000712f00000| Untracked 
| 144|0x0000000713000000, 0x0000000713000000, 0x0000000713100000|  0%| F|  |TAMS 0x0000000713000000, 0x0000000713000000| Untracked 
| 145|0x0000000713100000, 0x0000000713100000, 0x0000000713200000|  0%| F|  |TAMS 0x0000000713100000, 0x0000000713100000| Untracked 
| 146|0x0000000713200000, 0x0000000713200000, 0x0000000713300000|  0%| F|  |TAMS 0x0000000713200000, 0x0000000713200000| Untracked 
| 147|0x0000000713300000, 0x0000000713300000, 0x0000000713400000|  0%| F|  |TAMS 0x0000000713300000, 0x0000000713300000| Untracked 
| 148|0x0000000713400000, 0x0000000713400000, 0x0000000713500000|  0%| F|  |TAMS 0x0000000713400000, 0x0000000713400000| Untracked 
| 149|0x0000000713500000, 0x0000000713500000, 0x0000000713600000|  0%| F|  |TAMS 0x0000000713500000, 0x0000000713500000| Untracked 
| 150|0x0000000713600000, 0x0000000713600000, 0x0000000713700000|  0%| F|  |TAMS 0x0000000713600000, 0x0000000713600000| Untracked 
| 151|0x0000000713700000, 0x0000000713700000, 0x0000000713800000|  0%| F|  |TAMS 0x0000000713700000, 0x0000000713700000| Untracked 
| 152|0x0000000713800000, 0x0000000713800000, 0x0000000713900000|  0%| F|  |TAMS 0x0000000713800000, 0x0000000713800000| Untracked 
| 153|0x0000000713900000, 0x0000000713900000, 0x0000000713a00000|  0%| F|  |TAMS 0x0000000713900000, 0x0000000713900000| Untracked 
| 154|0x0000000713a00000, 0x0000000713a00000, 0x0000000713b00000|  0%| F|  |TAMS 0x0000000713a00000, 0x0000000713a00000| Untracked 
| 155|0x0000000713b00000, 0x0000000713b00000, 0x0000000713c00000|  0%| F|  |TAMS 0x0000000713b00000, 0x0000000713b00000| Untracked 
| 156|0x0000000713c00000, 0x0000000713c00000, 0x0000000713d00000|  0%| F|  |TAMS 0x0000000713c00000, 0x0000000713c00000| Untracked 
| 157|0x0000000713d00000, 0x0000000713d00000, 0x0000000713e00000|  0%| F|  |TAMS 0x0000000713d00000, 0x0000000713d00000| Untracked 
| 158|0x0000000713e00000, 0x0000000713e00000, 0x0000000713f00000|  0%| F|  |TAMS 0x0000000713e00000, 0x0000000713e00000| Untracked 
| 159|0x0000000713f00000, 0x0000000713f00000, 0x0000000714000000|  0%| F|  |TAMS 0x0000000713f00000, 0x0000000713f00000| Untracked 
| 160|0x0000000714000000, 0x0000000714000000, 0x0000000714100000|  0%| F|  |TAMS 0x0000000714000000, 0x0000000714000000| Untracked 
| 161|0x0000000714100000, 0x0000000714100000, 0x0000000714200000|  0%| F|  |TAMS 0x0000000714100000, 0x0000000714100000| Untracked 
| 162|0x0000000714200000, 0x0000000714200000, 0x0000000714300000|  0%| F|  |TAMS 0x0000000714200000, 0x0000000714200000| Untracked 
| 163|0x0000000714300000, 0x0000000714300000, 0x0000000714400000|  0%| F|  |TAMS 0x0000000714300000, 0x0000000714300000| Untracked 
| 164|0x0000000714400000, 0x0000000714400000, 0x0000000714500000|  0%| F|  |TAMS 0x0000000714400000, 0x0000000714400000| Untracked 
| 165|0x0000000714500000, 0x0000000714500000, 0x0000000714600000|  0%| F|  |TAMS 0x0000000714500000, 0x0000000714500000| Untracked 
| 166|0x0000000714600000, 0x0000000714600000, 0x0000000714700000|  0%| F|  |TAMS 0x0000000714600000, 0x0000000714600000| Untracked 
| 167|0x0000000714700000, 0x0000000714700000, 0x0000000714800000|  0%| F|  |TAMS 0x0000000714700000, 0x0000000714700000| Untracked 
| 168|0x0000000714800000, 0x0000000714800000, 0x0000000714900000|  0%| F|  |TAMS 0x0000000714800000, 0x0000000714800000| Untracked 
| 169|0x0000000714900000, 0x0000000714900000, 0x0000000714a00000|  0%| F|  |TAMS 0x0000000714900000, 0x0000000714900000| Untracked 
| 170|0x0000000714a00000, 0x0000000714a00000, 0x0000000714b00000|  0%| F|  |TAMS 0x0000000714a00000, 0x0000000714a00000| Untracked 
| 171|0x0000000714b00000, 0x0000000714b00000, 0x0000000714c00000|  0%| F|  |TAMS 0x0000000714b00000, 0x0000000714b00000| Untracked 
| 172|0x0000000714c00000, 0x0000000714c00000, 0x0000000714d00000|  0%| F|  |TAMS 0x0000000714c00000, 0x0000000714c00000| Untracked 
| 173|0x0000000714d00000, 0x0000000714d00000, 0x0000000714e00000|  0%| F|  |TAMS 0x0000000714d00000, 0x0000000714d00000| Untracked 
| 174|0x0000000714e00000, 0x0000000714e00000, 0x0000000714f00000|  0%| F|  |TAMS 0x0000000714e00000, 0x0000000714e00000| Untracked 
| 175|0x0000000714f00000, 0x0000000714f00000, 0x0000000715000000|  0%| F|  |TAMS 0x0000000714f00000, 0x0000000714f00000| Untracked 
| 176|0x0000000715000000, 0x0000000715000000, 0x0000000715100000|  0%| F|  |TAMS 0x0000000715000000, 0x0000000715000000| Untracked 
| 177|0x0000000715100000, 0x0000000715100000, 0x0000000715200000|  0%| F|  |TAMS 0x0000000715100000, 0x0000000715100000| Untracked 
| 178|0x0000000715200000, 0x0000000715200000, 0x0000000715300000|  0%| F|  |TAMS 0x0000000715200000, 0x0000000715200000| Untracked 
| 179|0x0000000715300000, 0x0000000715300000, 0x0000000715400000|  0%| F|  |TAMS 0x0000000715300000, 0x0000000715300000| Untracked 
| 180|0x0000000715400000, 0x0000000715400000, 0x0000000715500000|  0%| F|  |TAMS 0x0000000715400000, 0x0000000715400000| Untracked 
| 181|0x0000000715500000, 0x0000000715500000, 0x0000000715600000|  0%| F|  |TAMS 0x0000000715500000, 0x0000000715500000| Untracked 
| 182|0x0000000715600000, 0x0000000715600000, 0x0000000715700000|  0%| F|  |TAMS 0x0000000715600000, 0x0000000715600000| Untracked 
| 183|0x0000000715700000, 0x0000000715700000, 0x0000000715800000|  0%| F|  |TAMS 0x0000000715700000, 0x0000000715700000| Untracked 
| 184|0x0000000715800000, 0x0000000715800000, 0x0000000715900000|  0%| F|  |TAMS 0x0000000715800000, 0x0000000715800000| Untracked 
| 185|0x0000000715900000, 0x0000000715900000, 0x0000000715a00000|  0%| F|  |TAMS 0x0000000715900000, 0x0000000715900000| Untracked 
| 186|0x0000000715a00000, 0x0000000715a00000, 0x0000000715b00000|  0%| F|  |TAMS 0x0000000715a00000, 0x0000000715a00000| Untracked 
| 187|0x0000000715b00000, 0x0000000715b00000, 0x0000000715c00000|  0%| F|  |TAMS 0x0000000715b00000, 0x0000000715b00000| Untracked 
| 188|0x0000000715c00000, 0x0000000715c00000, 0x0000000715d00000|  0%| F|  |TAMS 0x0000000715c00000, 0x0000000715c00000| Untracked 
| 189|0x0000000715d00000, 0x0000000715d00000, 0x0000000715e00000|  0%| F|  |TAMS 0x0000000715d00000, 0x0000000715d00000| Untracked 
| 190|0x0000000715e00000, 0x0000000715e00000, 0x0000000715f00000|  0%| F|  |TAMS 0x0000000715e00000, 0x0000000715e00000| Untracked 
| 191|0x0000000715f00000, 0x0000000715f00000, 0x0000000716000000|  0%| F|  |TAMS 0x0000000715f00000, 0x0000000715f00000| Untracked 
| 192|0x0000000716000000, 0x0000000716000000, 0x0000000716100000|  0%| F|  |TAMS 0x0000000716000000, 0x0000000716000000| Untracked 
| 193|0x0000000716100000, 0x0000000716100000, 0x0000000716200000|  0%| F|  |TAMS 0x0000000716100000, 0x0000000716100000| Untracked 
| 194|0x0000000716200000, 0x0000000716200000, 0x0000000716300000|  0%| F|  |TAMS 0x0000000716200000, 0x0000000716200000| Untracked 
| 195|0x0000000716300000, 0x0000000716300000, 0x0000000716400000|  0%| F|  |TAMS 0x0000000716300000, 0x0000000716300000| Untracked 
| 196|0x0000000716400000, 0x0000000716400000, 0x0000000716500000|  0%| F|  |TAMS 0x0000000716400000, 0x0000000716400000| Untracked 
| 197|0x0000000716500000, 0x0000000716500000, 0x0000000716600000|  0%| F|  |TAMS 0x0000000716500000, 0x0000000716500000| Untracked 
| 198|0x0000000716600000, 0x0000000716600000, 0x0000000716700000|  0%| F|  |TAMS 0x0000000716600000, 0x0000000716600000| Untracked 
| 199|0x0000000716700000, 0x0000000716700000, 0x0000000716800000|  0%| F|  |TAMS 0x0000000716700000, 0x0000000716700000| Untracked 
| 200|0x0000000716800000, 0x0000000716800000, 0x0000000716900000|  0%| F|  |TAMS 0x0000000716800000, 0x0000000716800000| Untracked 
| 201|0x0000000716900000, 0x0000000716900000, 0x0000000716a00000|  0%| F|  |TAMS 0x0000000716900000, 0x0000000716900000| Untracked 
| 202|0x0000000716a00000, 0x0000000716a00000, 0x0000000716b00000|  0%| F|  |TAMS 0x0000000716a00000, 0x0000000716a00000| Untracked 
| 203|0x0000000716b00000, 0x0000000716b00000, 0x0000000716c00000|  0%| F|  |TAMS 0x0000000716b00000, 0x0000000716b00000| Untracked 
| 204|0x0000000716c00000, 0x0000000716c00000, 0x0000000716d00000|  0%| F|  |TAMS 0x0000000716c00000, 0x0000000716c00000| Untracked 
| 205|0x0000000716d00000, 0x0000000716d00000, 0x0000000716e00000|  0%| F|  |TAMS 0x0000000716d00000, 0x0000000716d00000| Untracked 
| 206|0x0000000716e00000, 0x0000000716e00000, 0x0000000716f00000|  0%| F|  |TAMS 0x0000000716e00000, 0x0000000716e00000| Untracked 
| 207|0x0000000716f00000, 0x0000000716f00000, 0x0000000717000000|  0%| F|  |TAMS 0x0000000716f00000, 0x0000000716f00000| Untracked 
| 208|0x0000000717000000, 0x0000000717000000, 0x0000000717100000|  0%| F|  |TAMS 0x0000000717000000, 0x0000000717000000| Untracked 
| 209|0x0000000717100000, 0x0000000717100000, 0x0000000717200000|  0%| F|  |TAMS 0x0000000717100000, 0x0000000717100000| Untracked 
| 210|0x0000000717200000, 0x0000000717200000, 0x0000000717300000|  0%| F|  |TAMS 0x0000000717200000, 0x0000000717200000| Untracked 
| 211|0x0000000717300000, 0x0000000717300000, 0x0000000717400000|  0%| F|  |TAMS 0x0000000717300000, 0x0000000717300000| Untracked 
| 212|0x0000000717400000, 0x0000000717400000, 0x0000000717500000|  0%| F|  |TAMS 0x0000000717400000, 0x0000000717400000| Untracked 
| 213|0x0000000717500000, 0x0000000717500000, 0x0000000717600000|  0%| F|  |TAMS 0x0000000717500000, 0x0000000717500000| Untracked 
| 214|0x0000000717600000, 0x0000000717600000, 0x0000000717700000|  0%| F|  |TAMS 0x0000000717600000, 0x0000000717600000| Untracked 
| 215|0x0000000717700000, 0x0000000717700000, 0x0000000717800000|  0%| F|  |TAMS 0x0000000717700000, 0x0000000717700000| Untracked 
| 216|0x0000000717800000, 0x0000000717800000, 0x0000000717900000|  0%| F|  |TAMS 0x0000000717800000, 0x0000000717800000| Untracked 
| 217|0x0000000717900000, 0x0000000717900000, 0x0000000717a00000|  0%| F|  |TAMS 0x0000000717900000, 0x0000000717900000| Untracked 
| 218|0x0000000717a00000, 0x0000000717a00000, 0x0000000717b00000|  0%| F|  |TAMS 0x0000000717a00000, 0x0000000717a00000| Untracked 
| 219|0x0000000717b00000, 0x0000000717b00000, 0x0000000717c00000|  0%| F|  |TAMS 0x0000000717b00000, 0x0000000717b00000| Untracked 
| 220|0x0000000717c00000, 0x0000000717c00000, 0x0000000717d00000|  0%| F|  |TAMS 0x0000000717c00000, 0x0000000717c00000| Untracked 
| 221|0x0000000717d00000, 0x0000000717d00000, 0x0000000717e00000|  0%| F|  |TAMS 0x0000000717d00000, 0x0000000717d00000| Untracked 
| 222|0x0000000717e00000, 0x0000000717e00000, 0x0000000717f00000|  0%| F|  |TAMS 0x0000000717e00000, 0x0000000717e00000| Untracked 
| 223|0x0000000717f00000, 0x0000000717f00000, 0x0000000718000000|  0%| F|  |TAMS 0x0000000717f00000, 0x0000000717f00000| Untracked 
| 224|0x0000000718000000, 0x0000000718000000, 0x0000000718100000|  0%| F|  |TAMS 0x0000000718000000, 0x0000000718000000| Untracked 
| 225|0x0000000718100000, 0x0000000718100000, 0x0000000718200000|  0%| F|  |TAMS 0x0000000718100000, 0x0000000718100000| Untracked 
| 226|0x0000000718200000, 0x0000000718200000, 0x0000000718300000|  0%| F|  |TAMS 0x0000000718200000, 0x0000000718200000| Untracked 
| 227|0x0000000718300000, 0x0000000718300000, 0x0000000718400000|  0%| F|  |TAMS 0x0000000718300000, 0x0000000718300000| Untracked 
| 228|0x0000000718400000, 0x0000000718400000, 0x0000000718500000|  0%| F|  |TAMS 0x0000000718400000, 0x0000000718400000| Untracked 
| 229|0x0000000718500000, 0x0000000718500000, 0x0000000718600000|  0%| F|  |TAMS 0x0000000718500000, 0x0000000718500000| Untracked 
| 230|0x0000000718600000, 0x0000000718600000, 0x0000000718700000|  0%| F|  |TAMS 0x0000000718600000, 0x0000000718600000| Untracked 
| 231|0x0000000718700000, 0x0000000718700000, 0x0000000718800000|  0%| F|  |TAMS 0x0000000718700000, 0x0000000718700000| Untracked 
| 232|0x0000000718800000, 0x0000000718846d80, 0x0000000718900000| 27%| S|CS|TAMS 0x0000000718800000, 0x0000000718800000| Complete 
| 233|0x0000000718900000, 0x0000000718a00000, 0x0000000718a00000|100%| S|CS|TAMS 0x0000000718900000, 0x0000000718900000| Complete 
| 234|0x0000000718a00000, 0x0000000718a00000, 0x0000000718b00000|  0%| F|  |TAMS 0x0000000718a00000, 0x0000000718a00000| Untracked 
| 235|0x0000000718b00000, 0x0000000718b00000, 0x0000000718c00000|  0%| F|  |TAMS 0x0000000718b00000, 0x0000000718b00000| Untracked 
| 236|0x0000000718c00000, 0x0000000718c00000, 0x0000000718d00000|  0%| F|  |TAMS 0x0000000718c00000, 0x0000000718c00000| Untracked 
| 237|0x0000000718d00000, 0x0000000718d00000, 0x0000000718e00000|  0%| F|  |TAMS 0x0000000718d00000, 0x0000000718d00000| Untracked 
| 238|0x0000000718e00000, 0x0000000718e00000, 0x0000000718f00000|  0%| F|  |TAMS 0x0000000718e00000, 0x0000000718e00000| Untracked 
| 239|0x0000000718f00000, 0x0000000718f00000, 0x0000000719000000|  0%| F|  |TAMS 0x0000000718f00000, 0x0000000718f00000| Untracked 
| 240|0x0000000719000000, 0x0000000719000000, 0x0000000719100000|  0%| F|  |TAMS 0x0000000719000000, 0x0000000719000000| Untracked 
| 241|0x0000000719100000, 0x0000000719100000, 0x0000000719200000|  0%| F|  |TAMS 0x0000000719100000, 0x0000000719100000| Untracked 
| 242|0x0000000719200000, 0x0000000719200000, 0x0000000719300000|  0%| F|  |TAMS 0x0000000719200000, 0x0000000719200000| Untracked 
| 243|0x0000000719300000, 0x0000000719300000, 0x0000000719400000|  0%| F|  |TAMS 0x0000000719300000, 0x0000000719300000| Untracked 
| 244|0x0000000719400000, 0x0000000719400000, 0x0000000719500000|  0%| F|  |TAMS 0x0000000719400000, 0x0000000719400000| Untracked 
| 245|0x0000000719500000, 0x0000000719500000, 0x0000000719600000|  0%| F|  |TAMS 0x0000000719500000, 0x0000000719500000| Untracked 

Card table byte_map: [0x000002b84fd20000,0x000002b8504d0000] _byte_map_base: 0x000002b84c4d0000

Marking Bits (Prev, Next): (CMBitMap*) 0x000002b83a66c3b0, (CMBitMap*) 0x000002b83a66c378
 Prev Bits: [0x000002b854a00000, 0x000002b858780000)
 Next Bits: [0x000002b850c80000, 0x000002b854a00000)

Polling page: 0x000002b83a6c0000

Metaspace:

Usage:
  Non-class:     30.32 MB capacity,    30.03 MB (>99%) used,   238.70 KB ( <1%) free+waste,    51.06 KB ( <1%) overhead. 
      Class:      4.37 MB capacity,     4.19 MB ( 96%) used,   159.15 KB (  4%) free+waste,    24.19 KB ( <1%) overhead. 
       Both:     34.69 MB capacity,    34.23 MB ( 99%) used,   397.85 KB (  1%) free+waste,    75.25 KB ( <1%) overhead. 

Virtual space:
  Non-class space:       32.00 MB reserved,      30.42 MB ( 95%) committed 
      Class space:        1.00 GB reserved,       4.38 MB ( <1%) committed 
             Both:        1.03 GB reserved,      34.79 MB (  3%) committed 

Chunk freelists:
   Non-Class:  59.00 KB
       Class:  5.00 KB
        Both:  64.00 KB

MaxMetaspaceSize: 17179869184.00 GB
CompressedClassSpaceSize: 1.00 GB
Initial GC threshold: 20.80 MB
Current GC threshold: 34.79 MB
CDS: off

CodeHeap 'non-profiled nmethods': size=120000Kb used=1134Kb max_used=1134Kb free=118865Kb
 bounds [0x000002b8473b0000, 0x000002b847620000, 0x000002b84e8e0000]
CodeHeap 'profiled nmethods': size=120000Kb used=4631Kb max_used=4631Kb free=115368Kb
 bounds [0x000002b83fe80000, 0x000002b840310000, 0x000002b8473b0000]
CodeHeap 'non-nmethods': size=5760Kb used=1252Kb max_used=1311Kb free=4508Kb
 bounds [0x000002b83f8e0000, 0x000002b83fb50000, 0x000002b83fe80000]
 total_blobs=3026 nmethods=2496 adapters=442
 compilation: enabled
              stopped_count=0, restarted_count=0
 full_count=0

Compilation events (20 events):
Event: 2.071 Thread 0x000002b85be21000 nmethod 2488 0x000002b8402ff610 code [0x000002b8402ff7c0, 0x000002b8402ff908]
Event: 2.071 Thread 0x000002b85be21000 2489       3       org.jetbrains.kotlin.protobuf.UnmodifiableLazyStringList::get (14 bytes)
Event: 2.071 Thread 0x000002b85be21000 nmethod 2489 0x000002b8402ff990 code [0x000002b8402ffb60, 0x000002b8402ffe28]
Event: 2.071 Thread 0x000002b85be21000 2490       3       org.jetbrains.kotlin.protobuf.LazyStringArrayList::get (6 bytes)
Event: 2.071 Thread 0x000002b85be21000 nmethod 2490 0x000002b8402fff10 code [0x000002b8403000c0, 0x000002b8403001e8]
Event: 2.071 Thread 0x000002b85be21000 2491       3       org.jetbrains.kotlin.protobuf.LazyStringArrayList::get (101 bytes)
Event: 2.071 Thread 0x000002b85be21000 nmethod 2491 0x000002b840300290 code [0x000002b840300500, 0x000002b840301278]
Event: 2.071 Thread 0x000002b85be21000 2494       3       kotlin.collections.CollectionsKt___CollectionsKt::joinTo (156 bytes)
Event: 2.073 Thread 0x000002b85be21000 nmethod 2494 0x000002b840301590 code [0x000002b840301ac0, 0x000002b840304018]
Event: 2.073 Thread 0x000002b85be21000 2476       3       org.jetbrains.kotlin.protobuf.SmallSortedMap::access$200 (5 bytes)
Event: 2.073 Thread 0x000002b85be21000 nmethod 2476 0x000002b840304c90 code [0x000002b840304e60, 0x000002b8403050a8]
Event: 2.073 Thread 0x000002b85be21000 2493       1       org.jetbrains.kotlin.metadata.ProtoBuf$Class::getFqName (5 bytes)
Event: 2.073 Thread 0x000002b85be21000 nmethod 2493 0x000002b8474ca010 code [0x000002b8474ca1c0, 0x000002b8474ca278]
Event: 2.073 Thread 0x000002b85be21000 2492       1       org.jetbrains.kotlin.metadata.ProtoBuf$Class::getTypeTable (5 bytes)
Event: 2.073 Thread 0x000002b85be21000 nmethod 2492 0x000002b8474ca310 code [0x000002b8474ca4c0, 0x000002b8474ca578]
Event: 2.076 Thread 0x000002b85be1f800 nmethod 2473 0x000002b8474ca610 code [0x000002b8474ca7e0, 0x000002b8474cb0d8]
Event: 2.081 Thread 0x000002b85bfa2000 2495       4       java.lang.StringUTF16::compress (50 bytes)
Event: 2.085 Thread 0x000002b85bfa2000 nmethod 2495 0x000002b8474cb510 code [0x000002b8474cb6a0, 0x000002b8474cb998]
Event: 2.085 Thread 0x000002b85be21000 2496       3       kotlin.reflect.jvm.internal.pcollections.IntTree::plus (111 bytes)
Event: 2.086 Thread 0x000002b85be21000 nmethod 2496 0x000002b840305210 code [0x000002b840305440, 0x000002b840305b38]

GC Heap History (9 events):
Event: 0.467 GC heap before
{Heap before GC invocations=0 (full 0):
 garbage-first heap   total 251904K, used 28672K [0x000000070a000000, 0x0000000800000000)
  region size 1024K, 24 young (24576K), 0 survivors (0K)
 Metaspace       used 12123K, capacity 12280K, committed 12544K, reserved 1060864K
  class space    used 1118K, capacity 1175K, committed 1280K, reserved 1048576K
}
Event: 0.470 GC heap after
{Heap after GC invocations=1 (full 0):
 garbage-first heap   total 251904K, used 6693K [0x000000070a000000, 0x0000000800000000)
  region size 1024K, 3 young (3072K), 3 survivors (3072K)
 Metaspace       used 12123K, capacity 12280K, committed 12544K, reserved 1060864K
  class space    used 1118K, capacity 1175K, committed 1280K, reserved 1048576K
}
Event: 1.094 GC heap before
{Heap before GC invocations=1 (full 0):
 garbage-first heap   total 251904K, used 45605K [0x000000070a000000, 0x0000000800000000)
  region size 1024K, 42 young (43008K), 3 survivors (3072K)
 Metaspace       used 20916K, capacity 21123K, committed 21248K, reserved 1069056K
  class space    used 2220K, capacity 2280K, committed 2304K, reserved 1048576K
}
Event: 1.108 GC heap after
{Heap after GC invocations=2 (full 0):
 garbage-first heap   total 251904K, used 10747K [0x000000070a000000, 0x0000000800000000)
  region size 1024K, 7 young (7168K), 7 survivors (7168K)
 Metaspace       used 20916K, capacity 21123K, committed 21248K, reserved 1069056K
  class space    used 2220K, capacity 2280K, committed 2304K, reserved 1048576K
}
Event: 1.871 GC heap before
{Heap before GC invocations=3 (full 0):
 garbage-first heap   total 251904K, used 70139K [0x000000070a000000, 0x0000000800000000)
  region size 1024K, 59 young (60416K), 7 survivors (7168K)
 Metaspace       used 31781K, capacity 32283K, committed 32512K, reserved 1077248K
  class space    used 3871K, capacity 4057K, committed 4096K, reserved 1048576K
}
Event: 1.882 GC heap after
{Heap after GC invocations=4 (full 0):
 garbage-first heap   total 251904K, used 24443K [0x000000070a000000, 0x0000000800000000)
  region size 1024K, 8 young (8192K), 8 survivors (8192K)
 Metaspace       used 31781K, capacity 32283K, committed 32512K, reserved 1077248K
  class space    used 3871K, capacity 4057K, committed 4096K, reserved 1048576K
}
Event: 1.956 GC heap before
{Heap before GC invocations=4 (full 0):
 garbage-first heap   total 251904K, used 28539K [0x000000070a000000, 0x0000000800000000)
  region size 1024K, 12 young (12288K), 8 survivors (8192K)
 Metaspace       used 32815K, capacity 33344K, committed 33536K, reserved 1079296K
  class space    used 4070K, capacity 4283K, committed 4352K, reserved 1048576K
}
Event: 1.963 GC heap after
{Heap after GC invocations=5 (full 0):
 garbage-first heap   total 251904K, used 26148K [0x000000070a000000, 0x0000000800000000)
  region size 1024K, 2 young (2048K), 2 survivors (2048K)
 Metaspace       used 32815K, capacity 33344K, committed 33536K, reserved 1079296K
  class space    used 4070K, capacity 4283K, committed 4352K, reserved 1048576K
}
Event: 2.091 GC heap before
{Heap before GC invocations=5 (full 0):
 garbage-first heap   total 251904K, used 35364K [0x000000070a000000, 0x0000000800000000)
  region size 1024K, 12 young (12288K), 2 survivors (2048K)
 Metaspace       used 35046K, capacity 35520K, committed 35628K, reserved 1081344K
  class space    used 4291K, capacity 4475K, committed 4480K, reserved 1048576K
}

Deoptimization events (20 events):
Event: 1.655 Thread 0x000002b83a5ef000 DEOPT PACKING pc=0x000002b847456004 sp=0x000000e1c02fdf00
Event: 1.655 Thread 0x000002b83a5ef000 DEOPT UNPACKING pc=0x000002b83f92a1af sp=0x000000e1c02fde78 mode 2
Event: 1.667 Thread 0x000002b83a5ef000 DEOPT PACKING pc=0x000002b840180d78 sp=0x000000e1c02fdf90
Event: 1.667 Thread 0x000002b83a5ef000 DEOPT UNPACKING pc=0x000002b83f92a95e sp=0x000000e1c02fd498 mode 0
Event: 1.713 Thread 0x000002b83a5ef000 Uncommon trap: trap_request=0xffffff4d fr.pc=0x000002b847484980 relative=0x0000000000000760
Event: 1.713 Thread 0x000002b83a5ef000 Uncommon trap: reason=unstable_if action=reinterpret pc=0x000002b847484980 method=org.jetbrains.kotlin.com.intellij.openapi.vfs.impl.ZipEntryMap.isTheOne(Lorg/jetbrains/kotlin/com/intellij/openapi/vfs/impl/ArchiveHandler$EntryInfo;Ljava/lang/CharSequence;
Event: 1.713 Thread 0x000002b83a5ef000 DEOPT PACKING pc=0x000002b847484980 sp=0x000000e1c02fe2a0
Event: 1.713 Thread 0x000002b83a5ef000 DEOPT UNPACKING pc=0x000002b83f92a1af sp=0x000000e1c02fe180 mode 2
Event: 1.713 Thread 0x000002b83a5ef000 Uncommon trap: trap_request=0xffffff4d fr.pc=0x000002b847481b9c relative=0x000000000000049c
Event: 1.713 Thread 0x000002b83a5ef000 Uncommon trap: reason=unstable_if action=reinterpret pc=0x000002b847481b9c method=org.jetbrains.kotlin.com.intellij.openapi.vfs.impl.ZipEntryMap.isTheOne(Lorg/jetbrains/kotlin/com/intellij/openapi/vfs/impl/ArchiveHandler$EntryInfo;Ljava/lang/CharSequence;
Event: 1.714 Thread 0x000002b83a5ef000 DEOPT PACKING pc=0x000002b847481b9c sp=0x000000e1c02fe110
Event: 1.714 Thread 0x000002b83a5ef000 DEOPT UNPACKING pc=0x000002b83f92a1af sp=0x000000e1c02fe0c0 mode 2
Event: 1.722 Thread 0x000002b83a5ef000 Uncommon trap: trap_request=0xffffff4d fr.pc=0x000002b847483480 relative=0x0000000000000760
Event: 1.722 Thread 0x000002b83a5ef000 Uncommon trap: reason=unstable_if action=reinterpret pc=0x000002b847483480 method=org.jetbrains.kotlin.com.intellij.openapi.vfs.impl.ZipEntryMap.isTheOne(Lorg/jetbrains/kotlin/com/intellij/openapi/vfs/impl/ArchiveHandler$EntryInfo;Ljava/lang/CharSequence;
Event: 1.722 Thread 0x000002b83a5ef000 DEOPT PACKING pc=0x000002b847483480 sp=0x000000e1c02fe260
Event: 1.722 Thread 0x000002b83a5ef000 DEOPT UNPACKING pc=0x000002b83f92a1af sp=0x000000e1c02fe1a8 mode 2
Event: 2.068 Thread 0x000002b83a5ef000 Uncommon trap: trap_request=0xffffff4d fr.pc=0x000002b8474c4748 relative=0x0000000000000208
Event: 2.068 Thread 0x000002b83a5ef000 Uncommon trap: reason=unstable_if action=reinterpret pc=0x000002b8474c4748 method=org.jetbrains.kotlin.protobuf.CodedInputStream.readRawVarint32()I @ 69 c2
Event: 2.068 Thread 0x000002b83a5ef000 DEOPT PACKING pc=0x000002b8474c4748 sp=0x000000e1c02fa460
Event: 2.068 Thread 0x000002b83a5ef000 DEOPT UNPACKING pc=0x000002b83f92a1af sp=0x000000e1c02fa3e8 mode 2

Classes redefined (0 events):
No events

Internal exceptions (20 events):
Event: 0.814 Thread 0x000002b83a5ef000 Exception <a 'java/lang/NoSuchMethodError'{0x0000000717ff01b0}: 'long java.lang.invoke.Invokers$Holder.invoke_MT(java.lang.Object, java.lang.Object, java.lang.Object, java.lang.Object)'> (0x0000000717ff01b0) thrown at [src/hotspot/share/interpreter/linkResolver.cpp, line 773]
Event: 0.814 Thread 0x000002b83a5ef000 Exception <a 'java/lang/NoSuchMethodError'{0x0000000717ff3830}: 'long java.lang.invoke.DelegatingMethodHandle$Holder.reinvoke_L(java.lang.Object, java.lang.Object, java.lang.Object)'> (0x0000000717ff3830) thrown at [src/hotspot/share/interpreter/linkResolver.cpp, line 773]
Event: 0.815 Thread 0x000002b83a5ef000 Exception <a 'java/lang/NoSuchMethodError'{0x0000000717ffd4f0}: 'int java.lang.invoke.DirectMethodHandle$Holder.invokeSpecial(java.lang.Object, java.lang.Object, java.lang.Object, java.lang.Object)'> (0x0000000717ffd4f0) thrown at [src/hotspot/share/interpreter/linkResolver.cpp, line 773]
Event: 0.816 Thread 0x000002b83a5ef000 Exception <a 'java/lang/NoSuchMethodError'{0x0000000717e0c980}: 'int java.lang.invoke.DelegatingMethodHandle$Holder.reinvoke_L(java.lang.Object, java.lang.Object, java.lang.Object, long, int)'> (0x0000000717e0c980) thrown at [src/hotspot/share/interpreter/linkResolver.cpp, line 773]
Event: 1.008 Thread 0x000002b83a5ef000 Exception <a 'java/lang/NoSuchMethodError'{0x000000071711ea18}: 'int java.lang.invoke.DirectMethodHandle$Holder.invokeSpecialIFC(java.lang.Object, java.lang.Object, int)'> (0x000000071711ea18) thrown at [src/hotspot/share/interpreter/linkResolver.cpp, line 773]
Event: 1.054 Thread 0x000002b83a5ef000 Exception <a 'java/lang/NoSuchMethodError'{0x0000000716fd89a8}: 'java.lang.Object java.lang.invoke.DirectMethodHandle$Holder.invokeStaticInit(java.lang.Object, int)'> (0x0000000716fd89a8) thrown at [src/hotspot/share/interpreter/linkResolver.cpp, line 773]
Event: 1.083 Thread 0x000002b83a5ef000 Exception <a 'java/lang/NoSuchMethodError'{0x0000000716da9708}: 'long java.lang.invoke.DirectMethodHandle$Holder.invokeStatic(java.lang.Object)'> (0x0000000716da9708) thrown at [src/hotspot/share/interpreter/linkResolver.cpp, line 773]
Event: 1.083 Thread 0x000002b83a5ef000 Exception <a 'java/lang/NoSuchMethodError'{0x0000000716dac560}: 'long java.lang.invoke.DirectMethodHandle$Holder.invokeStaticInit(java.lang.Object)'> (0x0000000716dac560) thrown at [src/hotspot/share/interpreter/linkResolver.cpp, line 773]
Event: 1.156 Thread 0x000002b83a5ef000 Exception <a 'java/lang/NoSuchMethodError'{0x0000000719259030}: 'int java.lang.invoke.DirectMethodHandle$Holder.invokeStaticInit(java.lang.Object, java.lang.Object, java.lang.Object)'> (0x0000000719259030) thrown at [src/hotspot/share/interpreter/linkResolver.cpp, line 773]
Event: 1.161 Thread 0x000002b83a5ef000 Exception <a 'java/lang/NoSuchMethodError'{0x0000000719284d80}: 'int java.lang.invoke.DirectMethodHandle$Holder.invokeStaticInit(java.lang.Object, java.lang.Object)'> (0x0000000719284d80) thrown at [src/hotspot/share/interpreter/linkResolver.cpp, line 773]
Event: 1.199 Thread 0x000002b83a5ef000 Exception <a 'java/lang/NoSuchMethodError'{0x0000000719097338}: 'void java.lang.invoke.DirectMethodHandle$Holder.invokeSpecial(java.lang.Object, java.lang.Object)'> (0x0000000719097338) thrown at [src/hotspot/share/interpreter/linkResolver.cpp, line 773]
Event: 1.344 Thread 0x000002b83a5ef000 Exception <a 'java/lang/NoSuchMethodError'{0x0000000718746780}: 'java.lang.Object java.lang.invoke.DirectMethodHandle$Holder.invokeStatic(java.lang.Object, java.lang.Object, java.lang.Object, java.lang.Object, java.lang.Object, java.lang.Object, java.lang.Object, java.lang.Object, java.lang.Object, java.lang.Object, java.lang.Object, java.lang.Object, java.lang.Object, java.lang.Object, java.lang.Object)'> (0x0000000718746780) thrown at [src/hotspot/share/interpreter/linkResolver.cpp, line 773]
Event: 1.345 Thread 0x000002b83a5ef000 Exception <a 'java/lang/NoSuchMethodError'{0x0000000718754788}: 'java.lang.Object java.lang.invoke.DirectMethodHandle$Holder.invokeStatic(java.lang.Object, java.lang.Object, java.lang.Object, java.lang.Object, java.lang.Object, java.lang.Object, java.lang.Object, java.lang.Object, java.lang.Object, java.lang.Object, java.lang.Object, java.lang.Object, java.lang.Object, java.lang.Object, java.lang.Object, java.lang.Object)'> (0x0000000718754788) thrown at [src/hotspot/share/interpreter/linkResolver.cpp, lin
Event: 1.346 Thread 0x000002b83a5ef000 Exception <a 'java/lang/NoSuchMethodError'{0x00000007187626a0}: 'java.lang.Object java.lang.invoke.DirectMethodHandle$Holder.invokeSpecial(java.lang.Object, java.lang.Object, int, int, java.lang.Object, java.lang.Object, java.lang.Object)'> (0x00000007187626a0) thrown at [src/hotspot/share/interpreter/linkResolver.cpp, line 773]
Event: 1.346 Thread 0x000002b83a5ef000 Exception <a 'java/lang/NoSuchMethodError'{0x0000000718765ed8}: 'java.lang.Object java.lang.invoke.DelegatingMethodHandle$Holder.reinvoke_L(java.lang.Object, int, int, java.lang.Object, java.lang.Object, java.lang.Object)'> (0x0000000718765ed8) thrown at [src/hotspot/share/interpreter/linkResolver.cpp, line 773]
Event: 1.347 Thread 0x000002b83a5ef000 Exception <a 'java/lang/NoSuchMethodError'{0x000000071876a260}: 'java.lang.Object java.lang.invoke.DirectMethodHandle$Holder.invokeStatic(java.lang.Object, java.lang.Object, java.lang.Object, java.lang.Object, int)'> (0x000000071876a260) thrown at [src/hotspot/share/interpreter/linkResolver.cpp, line 773]
Event: 1.380 Thread 0x000002b83a5ef000 Exception <a 'java/lang/NoSuchMethodError'{0x000000071868eb70}: 'void java.lang.invoke.DirectMethodHandle$Holder.invokeStatic(java.lang.Object, java.lang.Object, java.lang.Object, java.lang.Object)'> (0x000000071868eb70) thrown at [src/hotspot/share/interpreter/linkResolver.cpp, line 773]
Event: 1.433 Thread 0x000002b83a5ef000 Exception <a 'java/lang/NoSuchMethodError'{0x0000000718276ef8}: 'void java.lang.invoke.DirectMethodHandle$Holder.invokeStaticInit(java.lang.Object, java.lang.Object)'> (0x0000000718276ef8) thrown at [src/hotspot/share/interpreter/linkResolver.cpp, line 773]
Event: 1.519 Thread 0x000002b83a5ef000 Exception <a 'java/lang/NoSuchMethodError'{0x0000000717dee238}: 'void java.lang.invoke.DirectMethodHandle$Holder.invokeVirtual(java.lang.Object, java.lang.Object)'> (0x0000000717dee238) thrown at [src/hotspot/share/interpreter/linkResolver.cpp, line 773]
Event: 1.526 Thread 0x000002b83a5ef000 Exception <a 'java/lang/NoSuchMethodError'{0x0000000717c43a68}: 'int java.lang.invoke.DirectMethodHandle$Holder.invokeVirtual(java.lang.Object, java.lang.Object)'> (0x0000000717c43a68) thrown at [src/hotspot/share/interpreter/linkResolver.cpp, line 773]

Events (20 events):
Event: 2.086 loading class org/jetbrains/kotlin/serialization/deserialization/DeserializationContext done
Event: 2.086 loading class org/jetbrains/kotlin/serialization/deserialization/TypeDeserializer
Event: 2.086 loading class org/jetbrains/kotlin/serialization/deserialization/TypeDeserializer done
Event: 2.087 loading class org/jetbrains/kotlin/serialization/deserialization/TypeDeserializer$classifierDescriptors$1
Event: 2.087 loading class org/jetbrains/kotlin/serialization/deserialization/TypeDeserializer$classifierDescriptors$1 done
Event: 2.088 loading class org/jetbrains/kotlin/serialization/deserialization/TypeDeserializer$typeAliasDescriptors$1
Event: 2.088 loading class org/jetbrains/kotlin/serialization/deserialization/TypeDeserializer$typeAliasDescriptors$1 done
Event: 2.088 loading class org/jetbrains/kotlin/serialization/deserialization/MemberDeserializer
Event: 2.088 loading class org/jetbrains/kotlin/serialization/deserialization/MemberDeserializer done
Event: 2.089 loading class org/jetbrains/kotlin/serialization/deserialization/descriptors/DeserializedMemberScope$OptimizedImplementation
Event: 2.089 loading class org/jetbrains/kotlin/serialization/deserialization/descriptors/DeserializedMemberScope$OptimizedImplementation done
Event: 2.089 loading class org/jetbrains/kotlin/serialization/deserialization/descriptors/DeserializedMemberScope$Implementation
Event: 2.089 loading class org/jetbrains/kotlin/serialization/deserialization/descriptors/DeserializedMemberScope$Implementation done
Event: 2.090 loading class org/jetbrains/kotlin/protobuf/GeneratedMessageLite$ExtendableMessage$ExtensionWriter
Event: 2.090 loading class org/jetbrains/kotlin/protobuf/GeneratedMessageLite$ExtendableMessage$ExtensionWriter done
Event: 2.090 loading class org/jetbrains/kotlin/protobuf/SmallSortedMap$EntrySet
Event: 2.090 loading class org/jetbrains/kotlin/protobuf/SmallSortedMap$EntrySet done
Event: 2.090 loading class org/jetbrains/kotlin/protobuf/SmallSortedMap$EntryIterator
Event: 2.090 loading class org/jetbrains/kotlin/protobuf/SmallSortedMap$EntryIterator done
Event: 2.091 Executing VM operation: CollectForMetadataAllocation


Dynamic libraries:
0x00007ff7fe280000 - 0x00007ff7fe28a000 	C:\Program Files\Android\Android Studio\jbr\bin\java.exe
0x00007ffea41f0000 - 0x00007ffea4404000 	C:\Windows\SYSTEM32\ntdll.dll
0x00007ffea4000000 - 0x00007ffea40c3000 	C:\Windows\System32\KERNEL32.DLL
0x00007ffea1bf0000 - 0x00007ffea1f8c000 	C:\Windows\System32\KERNELBASE.dll
0x00007ffea1630000 - 0x00007ffea1741000 	C:\Windows\System32\ucrtbase.dll
0x00007ffe8e870000 - 0x00007ffe8e88b000 	C:\Program Files\Android\Android Studio\jbr\bin\VCRUNTIME140.dll
0x00007ffe8e890000 - 0x00007ffe8e8a7000 	C:\Program Files\Android\Android Studio\jbr\bin\jli.dll
0x00007ffea3c30000 - 0x00007ffea3ddd000 	C:\Windows\System32\USER32.dll
0x00007ffea1aa0000 - 0x00007ffea1ac6000 	C:\Windows\System32\win32u.dll
0x00007ffea3c00000 - 0x00007ffea3c29000 	C:\Windows\System32\GDI32.dll
0x00007ffe89570000 - 0x00007ffe897fe000 	C:\Windows\WinSxS\amd64_microsoft.windows.common-controls_6595b64144ccf1df_6.0.22621.436_none_a94247dbc10d8414\COMCTL32.dll
0x00007ffea1ad0000 - 0x00007ffea1be2000 	C:\Windows\System32\gdi32full.dll
0x00007ffea2d80000 - 0x00007ffea2e27000 	C:\Windows\System32\msvcrt.dll
0x00007ffea1750000 - 0x00007ffea17ea000 	C:\Windows\System32\msvcp_win.dll
0x00007ffea3bc0000 - 0x00007ffea3bf2000 	C:\Windows\System32\IMM32.DLL
0x00007ffe90c40000 - 0x00007ffe90c4c000 	C:\Program Files\Android\Android Studio\jbr\bin\vcruntime140_1.dll
0x00007ffe57360000 - 0x00007ffe573ed000 	C:\Program Files\Android\Android Studio\jbr\bin\msvcp140.dll
0x00007ffe370b0000 - 0x00007ffe37c6c000 	C:\Program Files\Android\Android Studio\jbr\bin\server\jvm.dll
0x00007ffea40d0000 - 0x00007ffea417e000 	C:\Windows\System32\ADVAPI32.dll
0x00007ffea2000000 - 0x00007ffea20a4000 	C:\Windows\System32\sechost.dll
0x00007ffea3080000 - 0x00007ffea3195000 	C:\Windows\System32\RPCRT4.dll
0x00007ffea41a0000 - 0x00007ffea41a8000 	C:\Windows\System32\PSAPI.DLL
0x00007ffe612d0000 - 0x00007ffe612d9000 	C:\Windows\SYSTEM32\WSOCK32.dll
0x00007ffe9b7a0000 - 0x00007ffe9b7d4000 	C:\Windows\SYSTEM32\WINMM.dll
0x00007ffe96d00000 - 0x00007ffe96d0a000 	C:\Windows\SYSTEM32\VERSION.dll
0x00007ffea3f80000 - 0x00007ffea3ff1000 	C:\Windows\System32\WS2_32.dll
0x00007ffea0660000 - 0x00007ffea0678000 	C:\Windows\SYSTEM32\kernel.appcore.dll
0x00007ffe9d990000 - 0x00007ffe9d9a0000 	C:\Program Files\Android\Android Studio\jbr\bin\verify.dll
0x00007ffe9eb20000 - 0x00007ffe9ed4e000 	C:\Windows\SYSTEM32\DBGHELP.DLL
0x00007ffea2940000 - 0x00007ffea2cca000 	C:\Windows\System32\combase.dll
0x00007ffea3990000 - 0x00007ffea3a67000 	C:\Windows\System32\OLEAUT32.dll
0x00007ffe869c0000 - 0x00007ffe869f2000 	C:\Windows\SYSTEM32\dbgcore.DLL
0x00007ffea17f0000 - 0x00007ffea186b000 	C:\Windows\System32\bcryptPrimitives.dll
0x00007ffe9ae80000 - 0x00007ffe9aea8000 	C:\Program Files\Android\Android Studio\jbr\bin\java.dll
0x00007ffe9d980000 - 0x00007ffe9d98a000 	C:\Program Files\Android\Android Studio\jbr\bin\jimage.dll
0x00007ffe9c500000 - 0x00007ffe9c518000 	C:\Program Files\Android\Android Studio\jbr\bin\zip.dll
0x00007ffea31a0000 - 0x00007ffea398f000 	C:\Windows\System32\SHELL32.dll
0x00007ffe9f490000 - 0x00007ffe9fd5c000 	C:\Windows\SYSTEM32\windows.storage.dll
0x00007ffe9fd90000 - 0x00007ffe9fece000 	C:\Windows\SYSTEM32\wintypes.dll
0x00007ffea26f0000 - 0x00007ffea27e1000 	C:\Windows\System32\SHCORE.dll
0x00007ffea28e0000 - 0x00007ffea293e000 	C:\Windows\System32\shlwapi.dll
0x00007ffea1560000 - 0x00007ffea1581000 	C:\Windows\SYSTEM32\profapi.dll
0x00007ffe9ae10000 - 0x00007ffe9ae29000 	C:\Program Files\Android\Android Studio\jbr\bin\net.dll
0x00007ffe99600000 - 0x00007ffe9972f000 	C:\Windows\SYSTEM32\WINHTTP.dll
0x00007ffea0af0000 - 0x00007ffea0b59000 	C:\Windows\system32\mswsock.dll
0x00007ffe9adf0000 - 0x00007ffe9ae03000 	C:\Program Files\Android\Android Studio\jbr\bin\nio.dll

dbghelp: loaded successfully - version: 4.0.5 - missing functions: none
symbol engine: initialized successfully - sym options: 0x614 - pdb path: .;C:\Program Files\Android\Android Studio\jbr\bin;C:\Windows\SYSTEM32;C:\Windows\WinSxS\amd64_microsoft.windows.common-controls_6595b64144ccf1df_6.0.22621.436_none_a94247dbc10d8414;C:\Program Files\Android\Android Studio\jbr\bin\server

VM Arguments:
java_command: org.jetbrains.kotlin.cli.jvm.K2JVMCompiler @C:\Users\slava\AndroidStudioProjects\KtorSample\app\build\20230303_14435277269215147057.compiler.options
java_class_path (initial): C:\Users\slava\.gradle\caches\modules-2\files-2.1\org.jetbrains.kotlin\kotlin-compiler-embeddable\1.8.10\b0757fd774344d54ce93f5ad6c30ba1c1731c8ff\kotlin-compiler-embeddable-1.8.10.jar;C:\Users\slava\.gradle\caches\modules-2\files-2.1\org.jetbrains.kotlin\kotlin-stdlib\1.8.10\6d5560a229477df9406943d5feda5618e98eb64c\kotlin-stdlib-1.8.10.jar;C:\Users\slava\.gradle\caches\modules-2\files-2.1\org.jetbrains.kotlin\kotlin-script-runtime\1.8.10\b13ea9c7e46d589139e56086a878763290e20bd5\kotlin-script-runtime-1.8.10.jar;C:\Users\slava\.gradle\caches\modules-2\files-2.1\org.jetbrains.kotlin\kotlin-reflect\1.6.10\1cbe9c92c12a94eea200d23c2bbaedaf3daf5132\kotlin-reflect-1.6.10.jar;C:\Users\slava\.gradle\caches\modules-2\files-2.1\org.jetbrains.kotlin\kotlin-daemon-embeddable\1.8.10\ad8541d9bc1cf9e52c3204161247910c2cf601d4\kotlin-daemon-embeddable-1.8.10.jar;C:\Users\slava\.gradle\caches\modules-2\files-2.1\org.jetbrains.intellij.deps\trove4j\1.0.20200330\3afb14d5f9ceb459d724e907a21145e8ff394f02\trove4j-1.0.20200330.jar;C:\Users\slava\.gradle\caches\modules-2\files-2.1\net.java.dev.jna\jna\5.6.0\330f2244e9030119ab3030fc3fededc86713d9cc\jna-5.6.0.jar;C:\Users\slava\.gradle\caches\modules-2\files-2.1\org.jetbrains.kotlin\kotlin-stdlib-common\1.8.10\a61b182458550492c12aee66157d7b524a63a5ec\kotlin-stdlib-common-1.8.10.jar;C:\Users\slava\.gradle\caches\modules-2\files-2.1\org.jetbrains\annotations\13.0\919f0dfe192fb4e063e7dacadee7f8bb9a2672a9\annotations-13.0.jar
Launcher Type: SUN_STANDARD

[Global flags]
     intx CICompilerCount                          = 4                                         {product} {ergonomic}
     uint ConcGCThreads                            = 3                                         {product} {ergonomic}
     uint G1ConcRefinementThreads                  = 10                                        {product} {ergonomic}
   size_t G1HeapRegionSize                         = 1048576                                   {product} {ergonomic}
    uintx GCDrainStackTargetSize                   = 64                                        {product} {ergonomic}
   size_t InitialHeapSize                          = 257949696                                 {product} {ergonomic}
   size_t MarkStackSize                            = 4194304                                   {product} {ergonomic}
   size_t MaxHeapSize                              = 4127195136                                {product} {ergonomic}
   size_t MaxNewSize                               = 2475687936                                {product} {ergonomic}
   size_t MinHeapDeltaBytes                        = 1048576                                   {product} {ergonomic}
    uintx NonNMethodCodeHeapSize                   = 5836300                                {pd product} {ergonomic}
    uintx NonProfiledCodeHeapSize                  = 122910970                              {pd product} {ergonomic}
    uintx ProfiledCodeHeapSize                     = 122910970                              {pd product} {ergonomic}
    uintx ReservedCodeCacheSize                    = 251658240                              {pd product} {ergonomic}
     bool SegmentedCodeCache                       = true                                      {product} {ergonomic}
     bool UseCompressedClassPointers               = true                                 {lp64_product} {ergonomic}
     bool UseCompressedOops                        = true                                 {lp64_product} {ergonomic}
     bool UseG1GC                                  = true                                      {product} {ergonomic}
     bool UseLargePagesIndividualAllocation        = false                                  {pd product} {ergonomic}

Logging:
Log output configuration:
 #0: stdout all=warning uptime,level,tags
 #1: stderr all=off uptime,level,tags

Environment Variables:
PATH=C:\Python311\Scripts\;C:\Python311\;C:\Windows\system32;C:\Windows;C:\Windows\System32\Wbem;C:\Windows\System32\WindowsPowerShell\v1.0\;C:\Windows\System32\OpenSSH\;C:\platform-tools;C:\Program Files\dotnet\;C:\Program Files\Microsoft SQL Server\130\Tools\Binn\;C:\Program Files\Microsoft SQL Server\Client SDK\ODBC\170\Tools\Binn\;C:\Program Files (x86)\Microsoft SQL Server\150\Tools\Binn\;C:\Program Files\Microsoft SQL Server\150\Tools\Binn\;C:\Program Files\Microsoft SQL Server\150\DTS\Binn\;C:\Program Files (x86)\Microsoft SQL Server\150\DTS\Binn\;C:\Program Files\Azure Data Studio\bin;C:\Program Files\Calibre2\;C:\Program Files\Git\cmd;C:\Program Files\nodejs\;C:\ProgramData\chocolatey\bin;C:\Users\slava\AppData\Local\Microsoft\WindowsApps;C:\Users\slava\.dotnet\tools;C:\Program Files\Azure Data Studio\bin;C:\Users\slava\AppData\Local\Programs\Microsoft VS Code\bin;C:\Program Files\JetBrains\IntelliJ IDEA Community Edition 2022.3.2\bin;;C:\Users\slava\AppData\Roaming\npm
USERNAME=slava
OS=Windows_NT
PROCESSOR_IDENTIFIER=AMD64 Family 23 Model 96 Stepping 1, AuthenticAMD



---------------  S Y S T E M  ---------------

OS: Windows 11 , 64 bit Build 22621 (10.0.22621.1245)
OS uptime: 0 days 2:08 hours
Hyper-V role detected

CPU:total 12 (initial active 12) (12 cores per cpu, 2 threads per core) family 23 model 96 stepping 1 microcode 0x0, cmov, cx8, fxsr, mmx, sse, sse2, sse3, ssse3, sse4.1, sse4.2, popcnt, avx, avx2, aes, clmul, mmxext, 3dnowpref, lzcnt, sse4a, ht, tsc, tscinvbit, tscinv, bmi1, bmi2, adx, sha, fma

Memory: 4k page, system-wide physical 15741M (2638M free)
TotalPageFile size 15741M (AvailPageFile size 30M)
current process WorkingSet (physical memory assigned to process): 213M, peak: 217M
current process commit charge ("private bytes"): 412M, peak: 462M

vm_info: OpenJDK 64-Bit Server VM (11.0.15+0-b2043.56-9505619) for windows-amd64 JRE (11.0.15+0-b2043.56-9505619), built on Jan 19 2023 02:48:00 by "builduser" with unknown MS VC++:1929

END.
